manifest_merge_blame_file/debug/processDebugMainManifest/manifest-merger-blame-debug-report.txt
1<?xml version="1.0" encoding="utf-8"?>
2<manifest xmlns:android="http://schemas.android.com/apk/res/android"
3    package="com.masayaako.driver"
4    android:versionCode="1"
5    android:versionName="1.0" >
6
7    <uses-sdk
8        android:minSdkVersion="24"
9        android:targetSdkVersion="36" />
10
11    <!-- Permissions -->
12
13    <uses-permission android:name="android.permission.INTERNET" />
13-->src\main\AndroidManifest.xml:40:5-67
13-->src\main\AndroidManifest.xml:40:22-64
14    <uses-permission android:name="android.permission.ACCESS_COARSE_LOCATION" />
14-->src\main\AndroidManifest.xml:41:5-81
14-->src\main\AndroidManifest.xml:41:22-78
15    <uses-permission android:name="android.permission.ACCESS_FINE_LOCATION" />
15-->src\main\AndroidManifest.xml:42:5-79
15-->src\main\AndroidManifest.xml:42:22-76
16    <uses-permission android:name="android.permission.CAMERA" />
16-->src\main\AndroidManifest.xml:43:5-65
16-->src\main\AndroidManifest.xml:43:22-62
17    <uses-permission android:name="android.permission.POST_NOTIFICATIONS" />
17-->src\main\AndroidManifest.xml:44:5-77
17-->src\main\AndroidManifest.xml:44:22-74
18
19    <queries>
19-->[:capacitor-camera] AndroidManifest.xml:7:5-17:15
20        <intent>
20-->[:capacitor-camera] AndroidManifest.xml:8:9-10:18
21            <action android:name="android.media.action.IMAGE_CAPTURE" />
21-->[:capacitor-camera] AndroidManifest.xml:9:13-73
21-->[:capacitor-camera] AndroidManifest.xml:9:21-70
22        </intent>
23        <intent>
23-->[:capacitor-camera] AndroidManifest.xml:11:9-13:18
24            <action android:name="android.intent.action.GET_CONTENT" />
24-->[:capacitor-camera] AndroidManifest.xml:12:13-72
24-->[:capacitor-camera] AndroidManifest.xml:12:21-69
25        </intent>
26        <intent>
26-->[:capacitor-camera] AndroidManifest.xml:14:9-16:18
27            <action android:name="android.intent.action.PICK" />
27-->[:capacitor-camera] AndroidManifest.xml:15:13-65
27-->[:capacitor-camera] AndroidManifest.xml:15:21-62
28        </intent>
29    </queries>
30
31    <uses-permission android:name="android.permission.RECEIVE_BOOT_COMPLETED" />
31-->[:capacitor-local-notifications] AndroidManifest.xml:7:5-81
31-->[:capacitor-local-notifications] AndroidManifest.xml:7:22-78
32    <uses-permission android:name="android.permission.WAKE_LOCK" />
32-->[:capacitor-local-notifications] AndroidManifest.xml:8:5-68
32-->[:capacitor-local-notifications] AndroidManifest.xml:8:22-65
33    <uses-permission android:name="android.permission.ACCESS_NETWORK_STATE" /> <!-- Required by older versions of Google Play services to create IID tokens -->
33-->[io.ionic.libs:iongeolocation-android:2.2.0] AndroidManifest.xml:7:5-79
33-->[io.ionic.libs:iongeolocation-android:2.2.0] AndroidManifest.xml:7:22-76
34    <uses-permission android:name="com.google.android.c2dm.permission.RECEIVE" />
34-->[com.google.firebase:firebase-messaging:25.0.1] AndroidManifest.xml:26:5-82
34-->[com.google.firebase:firebase-messaging:25.0.1] AndroidManifest.xml:26:22-79
35
36    <permission
36-->[androidx.core:core:1.17.0] AndroidManifest.xml:22:5-24:47
37        android:name="com.masayaako.driver.DYNAMIC_RECEIVER_NOT_EXPORTED_PERMISSION"
37-->[androidx.core:core:1.17.0] AndroidManifest.xml:23:9-81
38        android:protectionLevel="signature" />
38-->[androidx.core:core:1.17.0] AndroidManifest.xml:24:9-44
39
40    <uses-permission android:name="com.masayaako.driver.DYNAMIC_RECEIVER_NOT_EXPORTED_PERMISSION" />
40-->[androidx.core:core:1.17.0] AndroidManifest.xml:26:5-97
40-->[androidx.core:core:1.17.0] AndroidManifest.xml:26:22-94
41
42    <application
42-->src\main\AndroidManifest.xml:4:5-36:19
43        android:allowBackup="true"
43-->src\main\AndroidManifest.xml:5:9-35
44        android:appComponentFactory="androidx.core.app.CoreComponentFactory"
44-->[androidx.core:core:1.17.0] AndroidManifest.xml:28:18-86
45        android:debuggable="true"
46        android:extractNativeLibs="false"
47        android:icon="@mipmap/ic_launcher"
47-->src\main\AndroidManifest.xml:6:9-43
48        android:label="@string/app_name"
48-->src\main\AndroidManifest.xml:7:9-41
49        android:requestLegacyExternalStorage="true"
49-->[io.ionic.libs:ioncamera-android:1.0.1] AndroidManifest.xml:8:18-61
50        android:roundIcon="@mipmap/ic_launcher_round"
50-->src\main\AndroidManifest.xml:8:9-54
51        android:supportsRtl="true"
51-->src\main\AndroidManifest.xml:9:9-35
52        android:theme="@style/AppTheme" >
52-->src\main\AndroidManifest.xml:10:9-40
53        <activity
53-->src\main\AndroidManifest.xml:12:9-25:20
54            android:name="com.masayaako.driver.MainActivity"
54-->src\main\AndroidManifest.xml:14:13-41
55            android:configChanges="orientation|keyboardHidden|keyboard|screenSize|locale|smallestScreenSize|screenLayout|uiMode|navigation|density"
55-->src\main\AndroidManifest.xml:13:13-148
56            android:exported="true"
56-->src\main\AndroidManifest.xml:18:13-36
57            android:label="@string/title_activity_main"
57-->src\main\AndroidManifest.xml:15:13-56
58            android:launchMode="singleTask"
58-->src\main\AndroidManifest.xml:17:13-44
59            android:theme="@style/AppTheme.NoActionBarLaunch" >
59-->src\main\AndroidManifest.xml:16:13-62
60            <intent-filter>
60-->src\main\AndroidManifest.xml:20:13-23:29
61                <action android:name="android.intent.action.MAIN" />
61-->src\main\AndroidManifest.xml:21:17-69
61-->src\main\AndroidManifest.xml:21:25-66
62
63                <category android:name="android.intent.category.LAUNCHER" />
63-->src\main\AndroidManifest.xml:22:17-77
63-->src\main\AndroidManifest.xml:22:27-74
64            </intent-filter>
65        </activity>
66
67        <provider
68            android:name="androidx.core.content.FileProvider"
68-->src\main\AndroidManifest.xml:28:13-62
69            android:authorities="com.masayaako.driver.fileprovider"
69-->src\main\AndroidManifest.xml:29:13-64
70            android:exported="false"
70-->src\main\AndroidManifest.xml:30:13-37
71            android:grantUriPermissions="true" >
71-->src\main\AndroidManifest.xml:31:13-47
72            <meta-data
72-->src\main\AndroidManifest.xml:32:13-34:64
73                android:name="android.support.FILE_PROVIDER_PATHS"
73-->src\main\AndroidManifest.xml:33:17-67
74                android:resource="@xml/file_paths" />
74-->src\main\AndroidManifest.xml:34:17-51
75        </provider>
76
77        <receiver android:name="com.capacitorjs.plugins.localnotifications.TimedNotificationPublisher" />
77-->[:capacitor-local-notifications] AndroidManifest.xml:12:9-106
77-->[:capacitor-local-notifications] AndroidManifest.xml:12:19-103
78        <receiver android:name="com.capacitorjs.plugins.localnotifications.NotificationDismissReceiver" />
78-->[:capacitor-local-notifications] AndroidManifest.xml:13:9-107
78-->[:capacitor-local-notifications] AndroidManifest.xml:13:19-104
79        <receiver
79-->[:capacitor-local-notifications] AndroidManifest.xml:14:9-23:20
80            android:name="com.capacitorjs.plugins.localnotifications.LocalNotificationRestoreReceiver"
80-->[:capacitor-local-notifications] AndroidManifest.xml:15:13-103
81            android:directBootAware="true"
81-->[:capacitor-local-notifications] AndroidManifest.xml:16:13-43
82            android:exported="false" >
82-->[:capacitor-local-notifications] AndroidManifest.xml:17:13-37
83            <intent-filter>
83-->[:capacitor-local-notifications] AndroidManifest.xml:18:13-22:29
84                <action android:name="android.intent.action.LOCKED_BOOT_COMPLETED" />
84-->[:capacitor-local-notifications] AndroidManifest.xml:19:17-86
84-->[:capacitor-local-notifications] AndroidManifest.xml:19:25-83
85                <action android:name="android.intent.action.BOOT_COMPLETED" />
85-->[:capacitor-local-notifications] AndroidManifest.xml:20:17-79
85-->[:capacitor-local-notifications] AndroidManifest.xml:20:25-76
86                <action android:name="android.intent.action.QUICKBOOT_POWERON" />
86-->[:capacitor-local-notifications] AndroidManifest.xml:21:17-82
86-->[:capacitor-local-notifications] AndroidManifest.xml:21:25-79
87            </intent-filter>
88        </receiver>
89
90        <service
90-->[:capacitor-push-notifications] AndroidManifest.xml:8:9-14:19
91            android:name="com.capacitorjs.plugins.pushnotifications.MessagingService"
91-->[:capacitor-push-notifications] AndroidManifest.xml:9:13-86
92            android:exported="false" >
92-->[:capacitor-push-notifications] AndroidManifest.xml:10:13-37
93            <intent-filter>
93-->[:capacitor-push-notifications] AndroidManifest.xml:11:13-13:29
94                <action android:name="com.google.firebase.MESSAGING_EVENT" />
94-->[:capacitor-push-notifications] AndroidManifest.xml:12:17-78
94-->[:capacitor-push-notifications] AndroidManifest.xml:12:25-75
95            </intent-filter>
96        </service>
97
98        <activity
98-->[io.ionic.libs:ioncamera-android:1.0.1] AndroidManifest.xml:9:9-11:86
99            android:name="io.ionic.libs.ioncameralib.view.IONCAMRLoadingActivity"
99-->[io.ionic.libs:ioncamera-android:1.0.1] AndroidManifest.xml:10:13-82
100            android:theme="@android:style/Theme.Translucent.NoTitleBar.Fullscreen" />
100-->[io.ionic.libs:ioncamera-android:1.0.1] AndroidManifest.xml:11:13-83
101        <activity
101-->[io.ionic.libs:ioncamera-android:1.0.1] AndroidManifest.xml:12:9-16:36
102            android:name="io.ionic.libs.ioncameralib.view.IONCAMRImageEditorActivity"
102-->[io.ionic.libs:ioncamera-android:1.0.1] AndroidManifest.xml:13:13-86
103            android:enableOnBackInvokedCallback="true"
103-->[io.ionic.libs:ioncamera-android:1.0.1] AndroidManifest.xml:14:13-55
104            android:theme="@android:style/Theme.Black.NoTitleBar" />
104-->[io.ionic.libs:ioncamera-android:1.0.1] AndroidManifest.xml:15:13-66
105        <activity
105-->[io.ionic.libs:ioncamera-android:1.0.1] AndroidManifest.xml:17:9-20:86
106            android:name="io.ionic.libs.ioncameralib.view.IONCAMROpenPhotoPickerActivity"
106-->[io.ionic.libs:ioncamera-android:1.0.1] AndroidManifest.xml:18:13-90
107            android:exported="false"
107-->[io.ionic.libs:ioncamera-android:1.0.1] AndroidManifest.xml:19:13-37
108            android:theme="@android:style/Theme.Translucent.NoTitleBar.Fullscreen" /> <!-- Trigger Google Play services to install the backported photo picker module. -->
108-->[io.ionic.libs:ioncamera-android:1.0.1] AndroidManifest.xml:20:13-83
109        <service
109-->[io.ionic.libs:ioncamera-android:1.0.1] AndroidManifest.xml:22:9-34:19
110            android:name="com.google.android.gms.metadata.ModuleDependencies"
110-->[io.ionic.libs:ioncamera-android:1.0.1] AndroidManifest.xml:23:13-78
111            android:enabled="false"
111-->[io.ionic.libs:ioncamera-android:1.0.1] AndroidManifest.xml:24:13-36
112            android:exported="false" >
112-->[io.ionic.libs:ioncamera-android:1.0.1] AndroidManifest.xml:25:13-37
113            <intent-filter>
113-->[io.ionic.libs:ioncamera-android:1.0.1] AndroidManifest.xml:27:13-29:29
114                <action android:name="com.google.android.gms.metadata.MODULE_DEPENDENCIES" />
114-->[io.ionic.libs:ioncamera-android:1.0.1] AndroidManifest.xml:28:17-94
114-->[io.ionic.libs:ioncamera-android:1.0.1] AndroidManifest.xml:28:25-91
115            </intent-filter>
116
117            <meta-data
117-->[io.ionic.libs:ioncamera-android:1.0.1] AndroidManifest.xml:31:13-33:36
118                android:name="photopicker_activity:0:required"
118-->[io.ionic.libs:ioncamera-android:1.0.1] AndroidManifest.xml:32:17-63
119                android:value="" />
119-->[io.ionic.libs:ioncamera-android:1.0.1] AndroidManifest.xml:33:17-33
120        </service>
121
122        <provider
122-->[io.ionic.libs:ioncamera-android:1.0.1] AndroidManifest.xml:36:9-44:20
123            android:name="io.ionic.libs.ioncameralib.IONCAMRFileProvider"
123-->[io.ionic.libs:ioncamera-android:1.0.1] AndroidManifest.xml:37:13-74
124            android:authorities="com.masayaako.driver.camera.provider"
124-->[io.ionic.libs:ioncamera-android:1.0.1] AndroidManifest.xml:38:13-67
125            android:exported="false"
125-->[io.ionic.libs:ioncamera-android:1.0.1] AndroidManifest.xml:39:13-37
126            android:grantUriPermissions="true" >
126-->[io.ionic.libs:ioncamera-android:1.0.1] AndroidManifest.xml:40:13-47
127            <meta-data
127-->src\main\AndroidManifest.xml:32:13-34:64
128                android:name="android.support.FILE_PROVIDER_PATHS"
128-->src\main\AndroidManifest.xml:33:17-67
129                android:resource="@xml/ioncamera_paths" />
129-->src\main\AndroidManifest.xml:34:17-51
130        </provider>
131
132        <receiver
132-->[com.google.firebase:firebase-messaging:25.0.1] AndroidManifest.xml:29:9-40:20
133            android:name="com.google.firebase.iid.FirebaseInstanceIdReceiver"
133-->[com.google.firebase:firebase-messaging:25.0.1] AndroidManifest.xml:30:13-78
134            android:exported="true"
134-->[com.google.firebase:firebase-messaging:25.0.1] AndroidManifest.xml:31:13-36
135            android:permission="com.google.android.c2dm.permission.SEND" >
135-->[com.google.firebase:firebase-messaging:25.0.1] AndroidManifest.xml:32:13-73
136            <intent-filter>
136-->[com.google.firebase:firebase-messaging:25.0.1] AndroidManifest.xml:33:13-35:29
137                <action android:name="com.google.android.c2dm.intent.RECEIVE" />
137-->[com.google.firebase:firebase-messaging:25.0.1] AndroidManifest.xml:34:17-81
137-->[com.google.firebase:firebase-messaging:25.0.1] AndroidManifest.xml:34:25-78
138            </intent-filter>
139
140            <meta-data
140-->[com.google.firebase:firebase-messaging:25.0.1] AndroidManifest.xml:37:13-39:40
141                android:name="com.google.android.gms.cloudmessaging.FINISHED_AFTER_HANDLED"
141-->[com.google.firebase:firebase-messaging:25.0.1] AndroidManifest.xml:38:17-92
142                android:value="true" />
142-->[com.google.firebase:firebase-messaging:25.0.1] AndroidManifest.xml:39:17-37
143        </receiver>
144        <!--
145             FirebaseMessagingService performs security checks at runtime,
146             but set to not exported to explicitly avoid allowing another app to call it.
147        -->
148        <service
148-->[com.google.firebase:firebase-messaging:25.0.1] AndroidManifest.xml:46:9-53:19
149            android:name="com.google.firebase.messaging.FirebaseMessagingService"
149-->[com.google.firebase:firebase-messaging:25.0.1] AndroidManifest.xml:47:13-82
150            android:directBootAware="true"
150-->[com.google.firebase:firebase-messaging:25.0.1] AndroidManifest.xml:48:13-43
151            android:exported="false" >
151-->[com.google.firebase:firebase-messaging:25.0.1] AndroidManifest.xml:49:13-37
152            <intent-filter android:priority="-500" >
152-->[:capacitor-push-notifications] AndroidManifest.xml:11:13-13:29
153                <action android:name="com.google.firebase.MESSAGING_EVENT" />
153-->[:capacitor-push-notifications] AndroidManifest.xml:12:17-78
153-->[:capacitor-push-notifications] AndroidManifest.xml:12:25-75
154            </intent-filter>
155        </service>
156        <service
156-->[com.google.firebase:firebase-messaging:25.0.1] AndroidManifest.xml:54:9-63:19
157            android:name="com.google.firebase.components.ComponentDiscoveryService"
157-->[com.google.firebase:firebase-messaging:25.0.1] AndroidManifest.xml:55:13-84
158            android:directBootAware="true"
158-->[com.google.firebase:firebase-common:22.0.1] AndroidManifest.xml:32:13-43
159            android:exported="false" >
159-->[com.google.firebase:firebase-messaging:25.0.1] AndroidManifest.xml:56:13-37
160            <meta-data
160-->[com.google.firebase:firebase-messaging:25.0.1] AndroidManifest.xml:57:13-59:85
161                android:name="com.google.firebase.components:com.google.firebase.messaging.FirebaseMessagingKtxRegistrar"
161-->[com.google.firebase:firebase-messaging:25.0.1] AndroidManifest.xml:58:17-122
162                android:value="com.google.firebase.components.ComponentRegistrar" />
162-->[com.google.firebase:firebase-messaging:25.0.1] AndroidManifest.xml:59:17-82
163            <meta-data
163-->[com.google.firebase:firebase-messaging:25.0.1] AndroidManifest.xml:60:13-62:85
164                android:name="com.google.firebase.components:com.google.firebase.messaging.FirebaseMessagingRegistrar"
164-->[com.google.firebase:firebase-messaging:25.0.1] AndroidManifest.xml:61:17-119
165                android:value="com.google.firebase.components.ComponentRegistrar" />
165-->[com.google.firebase:firebase-messaging:25.0.1] AndroidManifest.xml:62:17-82
166            <meta-data
166-->[com.google.firebase:firebase-installations:18.0.0] AndroidManifest.xml:15:13-17:85
167                android:name="com.google.firebase.components:com.google.firebase.installations.FirebaseInstallationsKtxRegistrar"
167-->[com.google.firebase:firebase-installations:18.0.0] AndroidManifest.xml:16:17-130
168                android:value="com.google.firebase.components.ComponentRegistrar" />
168-->[com.google.firebase:firebase-installations:18.0.0] AndroidManifest.xml:17:17-82
169            <meta-data
169-->[com.google.firebase:firebase-installations:18.0.0] AndroidManifest.xml:18:13-20:85
170                android:name="com.google.firebase.components:com.google.firebase.installations.FirebaseInstallationsRegistrar"
170-->[com.google.firebase:firebase-installations:18.0.0] AndroidManifest.xml:19:17-127
171                android:value="com.google.firebase.components.ComponentRegistrar" />
171-->[com.google.firebase:firebase-installations:18.0.0] AndroidManifest.xml:20:17-82
172            <meta-data
172-->[com.google.firebase:firebase-common:22.0.1] AndroidManifest.xml:35:13-37:85
173                android:name="com.google.firebase.components:com.google.firebase.FirebaseCommonKtxRegistrar"
173-->[com.google.firebase:firebase-common:22.0.1] AndroidManifest.xml:36:17-109
174                android:value="com.google.firebase.components.ComponentRegistrar" />
174-->[com.google.firebase:firebase-common:22.0.1] AndroidManifest.xml:37:17-82
175            <meta-data
175-->[com.google.firebase:firebase-datatransport:18.2.0] AndroidManifest.xml:25:13-27:85
176                android:name="com.google.firebase.components:com.google.firebase.datatransport.TransportRegistrar"
176-->[com.google.firebase:firebase-datatransport:18.2.0] AndroidManifest.xml:26:17-115
177                android:value="com.google.firebase.components.ComponentRegistrar" />
177-->[com.google.firebase:firebase-datatransport:18.2.0] AndroidManifest.xml:27:17-82
178        </service>
179
180        <activity
180-->[com.google.android.gms:play-services-base:18.5.0] AndroidManifest.xml:5:9-173
181            android:name="com.google.android.gms.common.api.GoogleApiActivity"
181-->[com.google.android.gms:play-services-base:18.5.0] AndroidManifest.xml:5:19-85
182            android:exported="false"
182-->[com.google.android.gms:play-services-base:18.5.0] AndroidManifest.xml:5:146-170
183            android:theme="@android:style/Theme.Translucent.NoTitleBar" />
183-->[com.google.android.gms:play-services-base:18.5.0] AndroidManifest.xml:5:86-145
184
185        <provider
185-->[androidx.emoji2:emoji2:1.3.0] AndroidManifest.xml:24:9-32:20
186            android:name="androidx.startup.InitializationProvider"
186-->[androidx.emoji2:emoji2:1.3.0] AndroidManifest.xml:25:13-67
187            android:authorities="com.masayaako.driver.androidx-startup"
187-->[androidx.emoji2:emoji2:1.3.0] AndroidManifest.xml:26:13-68
188            android:exported="false" >
188-->[androidx.emoji2:emoji2:1.3.0] AndroidManifest.xml:27:13-37
189            <meta-data
189-->[androidx.emoji2:emoji2:1.3.0] AndroidManifest.xml:29:13-31:52
190                android:name="androidx.emoji2.text.EmojiCompatInitializer"
190-->[androidx.emoji2:emoji2:1.3.0] AndroidManifest.xml:30:17-75
191                android:value="androidx.startup" />
191-->[androidx.emoji2:emoji2:1.3.0] AndroidManifest.xml:31:17-49
192            <meta-data
192-->[androidx.lifecycle:lifecycle-process:2.6.2] AndroidManifest.xml:29:13-31:52
193                android:name="androidx.lifecycle.ProcessLifecycleInitializer"
193-->[androidx.lifecycle:lifecycle-process:2.6.2] AndroidManifest.xml:30:17-78
194                android:value="androidx.startup" />
194-->[androidx.lifecycle:lifecycle-process:2.6.2] AndroidManifest.xml:31:17-49
195            <meta-data
195-->[androidx.profileinstaller:profileinstaller:1.4.0] AndroidManifest.xml:29:13-31:52
196                android:name="androidx.profileinstaller.ProfileInstallerInitializer"
196-->[androidx.profileinstaller:profileinstaller:1.4.0] AndroidManifest.xml:30:17-85
197                android:value="androidx.startup" />
197-->[androidx.profileinstaller:profileinstaller:1.4.0] AndroidManifest.xml:31:17-49
198        </provider>
199        <!--
200        Service for holding metadata. Cannot be instantiated.
201        Metadata will be merged from other manifests.
202        -->
203        <service
203-->[androidx.camera:camera-core:1.4.2] AndroidManifest.xml:29:9-33:78
204            android:name="androidx.camera.core.impl.MetadataHolderService"
204-->[androidx.camera:camera-core:1.4.2] AndroidManifest.xml:30:13-75
205            android:enabled="false"
205-->[androidx.camera:camera-core:1.4.2] AndroidManifest.xml:31:13-36
206            android:exported="false" />
206-->[androidx.camera:camera-core:1.4.2] AndroidManifest.xml:32:13-37
207
208        <provider
208-->[com.google.firebase:firebase-common:22.0.1] AndroidManifest.xml:23:9-28:39
209            android:name="com.google.firebase.provider.FirebaseInitProvider"
209-->[com.google.firebase:firebase-common:22.0.1] AndroidManifest.xml:24:13-77
210            android:authorities="com.masayaako.driver.firebaseinitprovider"
210-->[com.google.firebase:firebase-common:22.0.1] AndroidManifest.xml:25:13-72
211            android:directBootAware="true"
211-->[com.google.firebase:firebase-common:22.0.1] AndroidManifest.xml:26:13-43
212            android:exported="false"
212-->[com.google.firebase:firebase-common:22.0.1] AndroidManifest.xml:27:13-37
213            android:initOrder="100" />
213-->[com.google.firebase:firebase-common:22.0.1] AndroidManifest.xml:28:13-36
214
215        <meta-data
215-->[com.google.android.gms:play-services-basement:18.4.0] AndroidManifest.xml:6:9-122
216            android:name="com.google.android.gms.version"
216-->[com.google.android.gms:play-services-basement:18.4.0] AndroidManifest.xml:6:20-65
217            android:value="@integer/google_play_services_version" />
217-->[com.google.android.gms:play-services-basement:18.4.0] AndroidManifest.xml:6:66-119
218
219        <receiver
219-->[androidx.profileinstaller:profileinstaller:1.4.0] AndroidManifest.xml:34:9-52:20
220            android:name="androidx.profileinstaller.ProfileInstallReceiver"
220-->[androidx.profileinstaller:profileinstaller:1.4.0] AndroidManifest.xml:35:13-76
221            android:directBootAware="false"
221-->[androidx.profileinstaller:profileinstaller:1.4.0] AndroidManifest.xml:36:13-44
222            android:enabled="true"
222-->[androidx.profileinstaller:profileinstaller:1.4.0] AndroidManifest.xml:37:13-35
223            android:exported="true"
223-->[androidx.profileinstaller:profileinstaller:1.4.0] AndroidManifest.xml:38:13-36
224            android:permission="android.permission.DUMP" >
224-->[androidx.profileinstaller:profileinstaller:1.4.0] AndroidManifest.xml:39:13-57
225            <intent-filter>
225-->[androidx.profileinstaller:profileinstaller:1.4.0] AndroidManifest.xml:40:13-42:29
226                <action android:name="androidx.profileinstaller.action.INSTALL_PROFILE" />
226-->[androidx.profileinstaller:profileinstaller:1.4.0] AndroidManifest.xml:41:17-91
226-->[androidx.profileinstaller:profileinstaller:1.4.0] AndroidManifest.xml:41:25-88
227            </intent-filter>
228            <intent-filter>
228-->[androidx.profileinstaller:profileinstaller:1.4.0] AndroidManifest.xml:43:13-45:29
229                <action android:name="androidx.profileinstaller.action.SKIP_FILE" />
229-->[androidx.profileinstaller:profileinstaller:1.4.0] AndroidManifest.xml:44:17-85
229-->[androidx.profileinstaller:profileinstaller:1.4.0] AndroidManifest.xml:44:25-82
230            </intent-filter>
231            <intent-filter>
231-->[androidx.profileinstaller:profileinstaller:1.4.0] AndroidManifest.xml:46:13-48:29
232                <action android:name="androidx.profileinstaller.action.SAVE_PROFILE" />
232-->[androidx.profileinstaller:profileinstaller:1.4.0] AndroidManifest.xml:47:17-88
232-->[androidx.profileinstaller:profileinstaller:1.4.0] AndroidManifest.xml:47:25-85
233            </intent-filter>
234            <intent-filter>
234-->[androidx.profileinstaller:profileinstaller:1.4.0] AndroidManifest.xml:49:13-51:29
235                <action android:name="androidx.profileinstaller.action.BENCHMARK_OPERATION" />
235-->[androidx.profileinstaller:profileinstaller:1.4.0] AndroidManifest.xml:50:17-95
235-->[androidx.profileinstaller:profileinstaller:1.4.0] AndroidManifest.xml:50:25-92
236            </intent-filter>
237        </receiver>
238
239        <service
239-->[com.google.android.datatransport:transport-backend-cct:3.1.9] AndroidManifest.xml:28:9-34:19
240            android:name="com.google.android.datatransport.runtime.backends.TransportBackendDiscovery"
240-->[com.google.android.datatransport:transport-backend-cct:3.1.9] AndroidManifest.xml:29:13-103
241            android:exported="false" >
241-->[com.google.android.datatransport:transport-backend-cct:3.1.9] AndroidManifest.xml:30:13-37
242            <meta-data
242-->[com.google.android.datatransport:transport-backend-cct:3.1.9] AndroidManifest.xml:31:13-33:39
243                android:name="backend:com.google.android.datatransport.cct.CctBackendFactory"
243-->[com.google.android.datatransport:transport-backend-cct:3.1.9] AndroidManifest.xml:32:17-94
244                android:value="cct" />
244-->[com.google.android.datatransport:transport-backend-cct:3.1.9] AndroidManifest.xml:33:17-36
245        </service>
246        <service
246-->[com.google.android.datatransport:transport-runtime:3.1.9] AndroidManifest.xml:26:9-30:19
247            android:name="com.google.android.datatransport.runtime.scheduling.jobscheduling.JobInfoSchedulerService"
247-->[com.google.android.datatransport:transport-runtime:3.1.9] AndroidManifest.xml:27:13-117
248            android:exported="false"
248-->[com.google.android.datatransport:transport-runtime:3.1.9] AndroidManifest.xml:28:13-37
249            android:permission="android.permission.BIND_JOB_SERVICE" >
249-->[com.google.android.datatransport:transport-runtime:3.1.9] AndroidManifest.xml:29:13-69
250        </service>
251
252        <receiver
252-->[com.google.android.datatransport:transport-runtime:3.1.9] AndroidManifest.xml:32:9-34:40
253            android:name="com.google.android.datatransport.runtime.scheduling.jobscheduling.AlarmManagerSchedulerBroadcastReceiver"
253-->[com.google.android.datatransport:transport-runtime:3.1.9] AndroidManifest.xml:33:13-132
254            android:exported="false" />
254-->[com.google.android.datatransport:transport-runtime:3.1.9] AndroidManifest.xml:34:13-37
255    </application>
256
257</manifest>